<?xml version="1.0" encoding="UTF-8"?>
<testsuite name="BullsCowsTest" tests="1" skipped="0" failures="0" errors="0" timestamp="2022-06-19T19:58:52" hostname="DESKTOP-E59U82M" time="6.734">
  <properties/>
  <testcase name="start" classname="BullsCowsTest" time="6.734"/>
  <system-out><![CDATA[?[1;31m
Start test 1?[0m
Please, enter the secret code's length:
> 1
Input the number of possible symbols in the code:
> 10
The secret is prepared: * (0-9, a-9).
Okay, let's start a game!
Turn 1:
> 0
Grade:  None.
Turn 2:
> 1
Grade:  None.
Turn 3:
> 2
Grade:  None.
Turn 4:
> 3
Grade:  None.
Turn 5:
> 4
Grade:  None.
Turn 6:
> 5
Grade:  None.
Turn 7:
> 6
Grade: 1 bull
Congratulations! You guessed the secret code.
?[1;31m
Start test 2?[0m
Please, enter the secret code's length:
> 4
Input the number of possible symbols in the code:
> 10
The secret is prepared: **** (0-9, a-9).
Okay, let's start a game!
Turn 1:
> 0000
Grade:  None.
Turn 2:
> 1111
Grade:  None.
Turn 3:
> 2222
Grade: 1 bull and 1 cow
Turn 4:
> 3333
Grade:  None.
Turn 5:
> 4444
Grade:  None.
Turn 6:
> 5555
Grade: 1 bull and 1 cow
Turn 7:
> 6666
Grade:  None.
Turn 8:
> 7777
Grade:  None.
Turn 9:
> 8888
Grade: 1 bull and 1 cow
Turn 10:
> 9999
Grade: 1 bull
Turn 11:
> 2589
Grade: 1 bull and 3 cows
Turn 12:
> 5289
Grade: 4 cows
Turn 13:
> 8259
Grade: 4 cows
Turn 14:
> 2859
Grade: 4 cows
Turn 15:
> 5829
Grade: 1 bull and 3 cows
Turn 16:
> 8529
Grade: 2 bulls and 2 cows
Turn 17:
> 9528
Grade: 4 bulls
Congratulations! You guessed the secret code.
?[1;31m
Start test 3?[0m
Please, enter the secret code's length:
> 6
Input the number of possible symbols in the code:
> 10
The secret is prepared: ****** (0-9, a-9).
Okay, let's start a game!
Turn 1:
> 000000
Grade:  None.
Turn 2:
> 111111
Grade: 1 bull and 1 cow
Turn 3:
> 222222
Grade:  None.
Turn 4:
> 333333
Grade: 1 bull and 1 cow
Turn 5:
> 444444
Grade:  None.
Turn 6:
> 555555
Grade:  None.
Turn 7:
> 666666
Grade: 1 bull and 1 cow
Turn 8:
> 777777
Grade: 1 bull and 1 cow
Turn 9:
> 888888
Grade: 1 bull and 1 cow
Turn 10:
> 999999
Grade: 1 bull
Turn 11:
> 136789
Grade: 1 bull and 5 cows
Turn 12:
> 316789
Grade: 6 cows
Turn 13:
> 613789
Grade: 6 cows
Turn 14:
> 163789
Grade: 6 cows
Turn 15:
> 361789
Grade: 6 cows
Turn 16:
> 631789
Grade: 1 bull and 5 cows
Turn 17:
> 731689
Grade: 1 bull and 5 cows
Turn 18:
> 371689
Grade: 6 cows
Turn 19:
> 173689
Grade: 6 cows
Turn 20:
> 713689
Grade: 6 cows
Turn 21:
> 317689
Grade: 1 bull and 5 cows
Turn 22:
> 137689
Grade: 2 bulls and 4 cows
Turn 23:
> 167389
Grade: 1 bulls and 5 cows
Turn 24:
> 617389
Grade: 1 bulls and 5 cows
Turn 25:
> 716389
Grade: 6 cows
Turn 26:
> 176389
Grade: 6 cows
Turn 27:
> 671389
Grade: 6 cows
Turn 28:
> 761389
Grade: 6 cows
Turn 29:
> 763189
Grade: 6 cows
Turn 30:
> 673189
Grade: 6 cows
Turn 31:
> 376189
Grade: 6 cows
Turn 32:
> 736189
Grade: 1 bulls and 5 cows
Turn 33:
> 637189
Grade: 2 bulls and 4 cows
Turn 34:
> 367189
Grade: 1 bulls and 5 cows
Turn 35:
> 867139
Grade: 1 bulls and 5 cows
Turn 36:
> 687139
Grade: 1 bulls and 5 cows
Turn 37:
> 786139
Grade: 6 cows
Turn 38:
> 876139
Grade: 6 cows
Turn 39:
> 678139
Grade: 6 cows
Turn 40:
> 768139
Grade: 6 cows
Turn 41:
> 168739
Grade: 6 cows
Turn 42:
> 618739
Grade: 6 cows
Turn 43:
> 816739
Grade: 6 cows
Turn 44:
> 186739
Grade: 6 cows
Turn 45:
> 681739
Grade: 6 cows
Turn 46:
> 861739
Grade: 6 cows
Turn 47:
> 871639
Grade: 6 cows
Turn 48:
> 781639
Grade: 6 cows
Turn 49:
> 187639
Grade: 1 bulls and 5 cows
Turn 50:
> 817639
Grade: 1 bulls and 5 cows
Turn 51:
> 718639
Grade: 6 cows
Turn 52:
> 178639
Grade: 6 cows
Turn 53:
> 176839
Grade: 1 bulls and 5 cows
Turn 54:
> 716839
Grade: 1 bulls and 5 cows
Turn 55:
> 617839
Grade: 2 bulls and 4 cows
Turn 56:
> 167839
Grade: 2 bulls and 4 cows
Turn 57:
> 761839
Grade: 1 bulls and 5 cows
Turn 58:
> 671839
Grade: 1 bulls and 5 cows
Turn 59:
> 371869
Grade: 1 bulls and 5 cows
Turn 60:
> 731869
Grade: 2 bulls and 4 cows
Turn 61:
> 137869
Grade: 3 bulls and 3 cows
Turn 62:
> 317869
Grade: 2 bulls and 4 cows
Turn 63:
> 713869
Grade: 1 bulls and 5 cows
Turn 64:
> 173869
Grade: 1 bulls and 5 cows
Turn 65:
> 873169
Grade: 6 cows
Turn 66:
> 783169
Grade: 6 cows
Turn 67:
> 387169
Grade: 1 bulls and 5 cows
Turn 68:
> 837169
Grade: 2 bulls and 4 cows
Turn 69:
> 738169
Grade: 1 bulls and 5 cows
Turn 70:
> 378169
Grade: 6 cows
Turn 71:
> 318769
Grade: 6 cows
Turn 72:
> 138769
Grade: 1 bulls and 5 cows
Turn 73:
> 831769
Grade: 1 bulls and 5 cows
Turn 74:
> 381769
Grade: 6 cows
Turn 75:
> 183769
Grade: 6 cows
Turn 76:
> 813769
Grade: 6 cows
Turn 77:
> 817369
Grade: 1 bulls and 5 cows
Turn 78:
> 187369
Grade: 1 bulls and 5 cows
Turn 79:
> 781369
Grade: 6 cows
Turn 80:
> 871369
Grade: 6 cows
Turn 81:
> 178369
Grade: 6 cows
Turn 82:
> 718369
Grade: 6 cows
Turn 83:
> 618379
Grade: 6 cows
Turn 84:
> 168379
Grade: 6 cows
Turn 85:
> 861379
Grade: 6 cows
Turn 86:
> 681379
Grade: 6 cows
Turn 87:
> 186379
Grade: 6 cows
Turn 88:
> 816379
Grade: 6 cows
Turn 89:
> 316879
Grade: 1 bulls and 5 cows
Turn 90:
> 136879
Grade: 2 bulls and 4 cows
Turn 91:
> 631879
Grade: 2 bulls and 4 cows
Turn 92:
> 361879
Grade: 1 bulls and 5 cows
Turn 93:
> 163879
Grade: 1 bulls and 5 cows
Turn 94:
> 613879
Grade: 1 bulls and 5 cows
Turn 95:
> 683179
Grade: 6 cows
Turn 96:
> 863179
Grade: 6 cows
Turn 97:
> 368179
Grade: 6 cows
Turn 98:
> 638179
Grade: 1 bulls and 5 cows
Turn 99:
> 836179
Grade: 1 bulls and 5 cows
Turn 100:
> 386179
Grade: 6 cows
Turn 101:
> 381679
Grade: 6 cows
Turn 102:
> 831679
Grade: 1 bulls and 5 cows
Turn 103:
> 138679
Grade: 1 bulls and 5 cows
Turn 104:
> 318679
Grade: 6 cows
Turn 105:
> 813679
Grade: 6 cows
Turn 106:
> 183679
Grade: 6 cows
Turn 107:
> 783619
Grade: 1 bulls and 5 cows
Turn 108:
> 873619
Grade: 1 bulls and 5 cows
Turn 109:
> 378619
Grade: 1 bulls and 5 cows
Turn 110:
> 738619
Grade: 2 bulls and 4 cows
Turn 111:
> 837619
Grade: 3 bulls and 3 cows
Turn 112:
> 387619
Grade: 2 bulls and 4 cows
Turn 113:
> 687319
Grade: 2 bulls and 4 cows
Turn 114:
> 867319
Grade: 2 bulls and 4 cows
Turn 115:
> 768319
Grade: 1 bulls and 5 cows
Turn 116:
> 678319
Grade: 1 bulls and 5 cows
Turn 117:
> 876319
Grade: 1 bulls and 5 cows
Turn 118:
> 786319
Grade: 1 bulls and 5 cows
Turn 119:
> 736819
Grade: 3 bulls and 3 cows
Turn 120:
> 376819
Grade: 2 bulls and 4 cows
Turn 121:
> 673819
Grade: 2 bulls and 4 cows
Turn 122:
> 763819
Grade: 2 bulls and 4 cows
Turn 123:
> 367819
Grade: 3 bulls and 3 cows
Turn 124:
> 637819
Grade: 4 bulls and 2 cows
Turn 125:
> 638719
Grade: 2 bulls and 4 cows
Turn 126:
> 368719
Grade: 1 bulls and 5 cows
Turn 127:
> 863719
Grade: 1 bulls and 5 cows
Turn 128:
> 683719
Grade: 1 bulls and 5 cows
Turn 129:
> 386719
Grade: 1 bulls and 5 cows
Turn 130:
> 836719
Grade: 2 bulls and 4 cows
Turn 131:
> 936718
Grade: 3 bulls and 3 cows
Turn 132:
> 396718
Grade: 1 bulls and 5 cows
Turn 133:
> 693718
Grade: 1 bulls and 5 cows
Turn 134:
> 963718
Grade: 2 bulls and 4 cows
Turn 135:
> 369718
Grade: 1 bulls and 5 cows
Turn 136:
> 639718
Grade: 2 bulls and 4 cows
Turn 137:
> 739618
Grade: 2 bulls and 4 cows
Turn 138:
> 379618
Grade: 1 bulls and 5 cows
Turn 139:
> 973618
Grade: 2 bulls and 4 cows
Turn 140:
> 793618
Grade: 1 bulls and 5 cows
Turn 141:
> 397618
Grade: 2 bulls and 4 cows
Turn 142:
> 937618
Grade: 4 bulls and 2 cows
Turn 143:
> 967318
Grade: 3 bulls and 3 cows
Turn 144:
> 697318
Grade: 2 bulls and 4 cows
Turn 145:
> 796318
Grade: 1 bulls and 5 cows
Turn 146:
> 976318
Grade: 2 bulls and 4 cows
Turn 147:
> 679318
Grade: 1 bulls and 5 cows
Turn 148:
> 769318
Grade: 1 bulls and 5 cows
Turn 149:
> 763918
Grade: 1 bulls and 5 cows
Turn 150:
> 673918
Grade: 1 bulls and 5 cows
Turn 151:
> 376918
Grade: 1 bulls and 5 cows
Turn 152:
> 736918
Grade: 2 bulls and 4 cows
Turn 153:
> 637918
Grade: 3 bulls and 3 cows
Turn 154:
> 367918
Grade: 2 bulls and 4 cows
Turn 155:
> 167938
Grade: 1 bulls and 5 cows
Turn 156:
> 617938
Grade: 1 bulls and 5 cows
Turn 157:
> 716938
Grade: 6 cows
Turn 158:
> 176938
Grade: 6 cows
Turn 159:
> 671938
Grade: 6 cows
Turn 160:
> 761938
Grade: 6 cows
Turn 161:
> 961738
Grade: 1 bulls and 5 cows
Turn 162:
> 691738
Grade: 6 cows
Turn 163:
> 196738
Grade: 6 cows
Turn 164:
> 916738
Grade: 1 bulls and 5 cows
Turn 165:
> 619738
Grade: 6 cows
Turn 166:
> 169738
Grade: 6 cows
Turn 167:
> 179638
Grade: 6 cows
Turn 168:
> 719638
Grade: 6 cows
Turn 169:
> 917638
Grade: 2 bulls and 4 cows
Turn 170:
> 197638
Grade: 1 bulls and 5 cows
Turn 171:
> 791638
Grade: 6 cows
Turn 172:
> 971638
Grade: 1 bulls and 5 cows
Turn 173:
> 976138
Grade: 1 bulls and 5 cows
Turn 174:
> 796138
Grade: 6 cows
Turn 175:
> 697138
Grade: 1 bulls and 5 cows
Turn 176:
> 967138
Grade: 2 bulls and 4 cows
Turn 177:
> 769138
Grade: 6 cows
Turn 178:
> 679138
Grade: 6 cows
Turn 179:
> 379168
Grade: 6 cows
Turn 180:
> 739168
Grade: 1 bulls and 5 cows
Turn 181:
> 937168
Grade: 3 bulls and 3 cows
Turn 182:
> 397168
Grade: 1 bulls and 5 cows
Turn 183:
> 793168
Grade: 6 cows
Turn 184:
> 973168
Grade: 1 bulls and 5 cows
Turn 185:
> 173968
Grade: 6 cows
Turn 186:
> 713968
Grade: 6 cows
Turn 187:
> 317968
Grade: 1 bulls and 5 cows
Turn 188:
> 137968
Grade: 2 bulls and 4 cows
Turn 189:
> 731968
Grade: 1 bulls and 5 cows
Turn 190:
> 371968
Grade: 6 cows
Turn 191:
> 391768
Grade: 6 cows
Turn 192:
> 931768
Grade: 2 bulls and 4 cows
Turn 193:
> 139768
Grade: 1 bulls and 5 cows
Turn 194:
> 319768
Grade: 6 cows
Turn 195:
> 913768
Grade: 1 bulls and 5 cows
Turn 196:
> 193768
Grade: 6 cows
Turn 197:
> 197368
Grade: 1 bulls and 5 cows
Turn 198:
> 917368
Grade: 2 bulls and 4 cows
Turn 199:
> 719368
Grade: 6 cows
Turn 200:
> 179368
Grade: 6 cows
Turn 201:
> 971368
Grade: 1 bulls and 5 cows
Turn 202:
> 791368
Grade: 6 cows
Turn 203:
> 691378
Grade: 6 cows
Turn 204:
> 961378
Grade: 1 bulls and 5 cows
Turn 205:
> 169378
Grade: 6 cows
Turn 206:
> 619378
Grade: 6 cows
Turn 207:
> 916378
Grade: 1 bulls and 5 cows
Turn 208:
> 196378
Grade: 6 cows
Turn 209:
> 396178
Grade: 6 cows
Turn 210:
> 936178
Grade: 2 bulls and 4 cows
Turn 211:
> 639178
Grade: 1 bulls and 5 cows
Turn 212:
> 369178
Grade: 6 cows
Turn 213:
> 963178
Grade: 1 bulls and 5 cows
Turn 214:
> 693178
Grade: 6 cows
Turn 215:
> 613978
Grade: 6 cows
Turn 216:
> 163978
Grade: 6 cows
Turn 217:
> 361978
Grade: 6 cows
Turn 218:
> 631978
Grade: 1 bulls and 5 cows
Turn 219:
> 136978
Grade: 1 bulls and 5 cows
Turn 220:
> 316978
Grade: 6 cows
Turn 221:
> 319678
Grade: 6 cows
Turn 222:
> 139678
Grade: 1 bulls and 5 cows
Turn 223:
> 931678
Grade: 2 bulls and 4 cows
Turn 224:
> 391678
Grade: 6 cows
Turn 225:
> 193678
Grade: 6 cows
Turn 226:
> 913678
Grade: 1 bulls and 5 cows
Turn 227:
> 713698
Grade: 6 cows
Turn 228:
> 173698
Grade: 6 cows
Turn 229:
> 371698
Grade: 6 cows
Turn 230:
> 731698
Grade: 1 bulls and 5 cows
Turn 231:
> 137698
Grade: 2 bulls and 4 cows
Turn 232:
> 317698
Grade: 1 bulls and 5 cows
Turn 233:
> 617398
Grade: 1 bulls and 5 cows
Turn 234:
> 167398
Grade: 1 bulls and 5 cows
Turn 235:
> 761398
Grade: 6 cows
Turn 236:
> 671398
Grade: 6 cows
Turn 237:
> 176398
Grade: 6 cows
Turn 238:
> 716398
Grade: 6 cows
Turn 239:
> 736198
Grade: 1 bulls and 5 cows
Turn 240:
> 376198
Grade: 6 cows
Turn 241:
> 673198
Grade: 6 cows
Turn 242:
> 763198
Grade: 6 cows
Turn 243:
> 367198
Grade: 1 bulls and 5 cows
Turn 244:
> 637198
Grade: 2 bulls and 4 cows
Turn 245:
> 631798
Grade: 1 bulls and 5 cows
Turn 246:
> 361798
Grade: 6 cows
Turn 247:
> 163798
Grade: 6 cows
Turn 248:
> 613798
Grade: 6 cows
Turn 249:
> 316798
Grade: 6 cows
Turn 250:
> 136798
Grade: 1 bulls and 5 cows
Turn 251:
> 186793
Grade: 6 cows
Turn 252:
> 816793
Grade: 6 cows
Turn 253:
> 618793
Grade: 6 cows
Turn 254:
> 168793
Grade: 6 cows
Turn 255:
> 861793
Grade: 6 cows
Turn 256:
> 681793
Grade: 6 cows
Turn 257:
> 781693
Grade: 6 cows
Turn 258:
> 871693
Grade: 6 cows
Turn 259:
> 178693
Grade: 6 cows
Turn 260:
> 718693
Grade: 6 cows
Turn 261:
> 817693
Grade: 1 bulls and 5 cows
Turn 262:
> 187693
Grade: 1 bulls and 5 cows
Turn 263:
> 167893
Grade: 2 bulls and 4 cows
Turn 264:
> 617893
Grade: 2 bulls and 4 cows
Turn 265:
> 716893
Grade: 1 bulls and 5 cows
Turn 266:
> 176893
Grade: 1 bulls and 5 cows
Turn 267:
> 671893
Grade: 1 bulls and 5 cows
Turn 268:
> 761893
Grade: 1 bulls and 5 cows
Turn 269:
> 768193
Grade: 6 cows
Turn 270:
> 678193
Grade: 6 cows
Turn 271:
> 876193
Grade: 6 cows
Turn 272:
> 786193
Grade: 6 cows
Turn 273:
> 687193
Grade: 1 bulls and 5 cows
Turn 274:
> 867193
Grade: 1 bulls and 5 cows
Turn 275:
> 967183
Grade: 2 bulls and 4 cows
Turn 276:
> 697183
Grade: 1 bulls and 5 cows
Turn 277:
> 796183
Grade: 6 cows
Turn 278:
> 976183
Grade: 1 bulls and 5 cows
Turn 279:
> 679183
Grade: 6 cows
Turn 280:
> 769183
Grade: 6 cows
Turn 281:
> 169783
Grade: 6 cows
Turn 282:
> 619783
Grade: 6 cows
Turn 283:
> 916783
Grade: 1 bulls and 5 cows
Turn 284:
> 196783
Grade: 6 cows
Turn 285:
> 691783
Grade: 6 cows
Turn 286:
> 961783
Grade: 1 bulls and 5 cows
Turn 287:
> 971683
Grade: 1 bulls and 5 cows
Turn 288:
> 791683
Grade: 6 cows
Turn 289:
> 197683
Grade: 1 bulls and 5 cows
Turn 290:
> 917683
Grade: 2 bulls and 4 cows
Turn 291:
> 719683
Grade: 6 cows
Turn 292:
> 179683
Grade: 6 cows
Turn 293:
> 176983
Grade: 6 cows
Turn 294:
> 716983
Grade: 6 cows
Turn 295:
> 617983
Grade: 1 bulls and 5 cows
Turn 296:
> 167983
Grade: 1 bulls and 5 cows
Turn 297:
> 761983
Grade: 6 cows
Turn 298:
> 671983
Grade: 6 cows
Turn 299:
> 871963
Grade: 6 cows
Turn 300:
> 781963
Grade: 6 cows
Turn 301:
> 187963
Grade: 1 bulls and 5 cows
Turn 302:
> 817963
Grade: 1 bulls and 5 cows
Turn 303:
> 718963
Grade: 6 cows
Turn 304:
> 178963
Grade: 6 cows
Turn 305:
> 978163
Grade: 1 bulls and 5 cows
Turn 306:
> 798163
Grade: 6 cows
Turn 307:
> 897163
Grade: 1 bulls and 5 cows
Turn 308:
> 987163
Grade: 2 bulls and 4 cows
Turn 309:
> 789163
Grade: 6 cows
Turn 310:
> 879163
Grade: 6 cows
Turn 311:
> 819763
Grade: 6 cows
Turn 312:
> 189763
Grade: 6 cows
Turn 313:
> 981763
Grade: 1 bulls and 5 cows
Turn 314:
> 891763
Grade: 6 cows
Turn 315:
> 198763
Grade: 6 cows
Turn 316:
> 918763
Grade: 1 bulls and 5 cows
Turn 317:
> 917863
Grade: 3 bulls and 3 cows
Turn 318:
> 197863
Grade: 2 bulls and 4 cows
Turn 319:
> 791863
Grade: 1 bulls and 5 cows
Turn 320:
> 971863
Grade: 2 bulls and 4 cows
Turn 321:
> 179863
Grade: 1 bulls and 5 cows
Turn 322:
> 719863
Grade: 1 bulls and 5 cows
Turn 323:
> 619873
Grade: 1 bulls and 5 cows
Turn 324:
> 169873
Grade: 1 bulls and 5 cows
Turn 325:
> 961873
Grade: 2 bulls and 4 cows
Turn 326:
> 691873
Grade: 1 bulls and 5 cows
Turn 327:
> 196873
Grade: 1 bulls and 5 cows
Turn 328:
> 916873
Grade: 2 bulls and 4 cows
Turn 329:
> 816973
Grade: 6 cows
Turn 330:
> 186973
Grade: 6 cows
Turn 331:
> 681973
Grade: 6 cows
Turn 332:
> 861973
Grade: 6 cows
Turn 333:
> 168973
Grade: 6 cows
Turn 334:
> 618973
Grade: 6 cows
Turn 335:
> 698173
Grade: 6 cows
Turn 336:
> 968173
Grade: 1 bulls and 5 cows
Turn 337:
> 869173
Grade: 6 cows
Turn 338:
> 689173
Grade: 6 cows
Turn 339:
> 986173
Grade: 1 bulls and 5 cows
Turn 340:
> 896173
Grade: 6 cows
Turn 341:
> 891673
Grade: 6 cows
Turn 342:
> 981673
Grade: 1 bulls and 5 cows
Turn 343:
> 189673
Grade: 6 cows
Turn 344:
> 819673
Grade: 6 cows
Turn 345:
> 918673
Grade: 1 bulls and 5 cows
Turn 346:
> 198673
Grade: 6 cows
Turn 347:
> 798613
Grade: 1 bulls and 5 cows
Turn 348:
> 978613
Grade: 2 bulls and 4 cows
Turn 349:
> 879613
Grade: 1 bulls and 5 cows
Turn 350:
> 789613
Grade: 1 bulls and 5 cows
Turn 351:
> 987613
Grade: 3 bulls and 3 cows
Turn 352:
> 897613
Grade: 2 bulls and 4 cows
Turn 353:
> 697813
Grade: 3 bulls and 3 cows
Turn 354:
> 967813
Grade: 4 bulls and 2 cows
Turn 355:
> 769813
Grade: 2 bulls and 4 cows
Turn 356:
> 679813
Grade: 2 bulls and 4 cows
Turn 357:
> 976813
Grade: 3 bulls and 3 cows
Turn 358:
> 796813
Grade: 2 bulls and 4 cows
Turn 359:
> 786913
Grade: 1 bulls and 5 cows
Turn 360:
> 876913
Grade: 1 bulls and 5 cows
Turn 361:
> 678913
Grade: 1 bulls and 5 cows
Turn 362:
> 768913
Grade: 1 bulls and 5 cows
Turn 363:
> 867913
Grade: 2 bulls and 4 cows
Turn 364:
> 687913
Grade: 2 bulls and 4 cows
Turn 365:
> 689713
Grade: 1 bulls and 5 cows
Turn 366:
> 869713
Grade: 1 bulls and 5 cows
Turn 367:
> 968713
Grade: 2 bulls and 4 cows
Turn 368:
> 698713
Grade: 1 bulls and 5 cows
Turn 369:
> 896713
Grade: 1 bulls and 5 cows
Turn 370:
> 986713
Grade: 2 bulls and 4 cows
Turn 371:
> 983716
Grade: 3 bulls and 3 cows
Turn 372:
> 893716
Grade: 2 bulls and 4 cows
Turn 373:
> 398716
Grade: 2 bulls and 4 cows
Turn 374:
> 938716
Grade: 4 bulls and 2 cows
Turn 375:
> 839716
Grade: 3 bulls and 3 cows
Turn 376:
> 389716
Grade: 2 bulls and 4 cows
Turn 377:
> 789316
Grade: 2 bulls and 4 cows
Turn 378:
> 879316
Grade: 2 bulls and 4 cows
Turn 379:
> 978316
Grade: 3 bulls and 3 cows
Turn 380:
> 798316
Grade: 2 bulls and 4 cows
Turn 381:
> 897316
Grade: 3 bulls and 3 cows
Turn 382:
> 987316
Grade: 4 bulls and 2 cows
Turn 383:
> 937816
Grade: 6 bulls
Congratulations! You guessed the secret code.
?[1;31m
Start test 4?[0m
Please, enter the secret code's length:
> 11
Input the number of possible symbols in the code:
> 10
Error: it's not possible to generate a code with a length of 11 with 10 unique symbols.
?[1;31m
Start test 5?[0m
Please, enter the secret code's length:
> 4
Input the number of possible symbols in the code:
> 16
The secret is prepared: **** (0-9, a-f).
Okay, let's start a game!
Turn 1:
> 0000
Grade:  None.
Turn 2:
> 1111
Grade: 1 bull and 1 cow
Turn 3:
> 2222
Grade:  None.
Turn 4:
> 3333
Grade:  None.
Turn 5:
> 4444
Grade:  None.
Turn 6:
> 5555
Grade:  None.
Turn 7:
> 6666
Grade:  None.
Turn 8:
> 7777
Grade: 1 bull and 1 cow
Turn 9:
> 8888
Grade:  None.
Turn 10:
> 9999
Grade:  None.
Turn 11:
> aaaa
Grade: 1 bull and 1 cow
Turn 12:
> bbbb
Grade:  None.
Turn 13:
> cccc
Grade: 1 bull
Turn 14:
> 17ac
Grade: 4 cows
Turn 15:
> 71ac
Grade: 4 cows
Turn 16:
> a17c
Grade: 1 bull and 3 cows
Turn 17:
> 1a7c
Grade: 2 bulls and 2 cows
Turn 18:
> 7a1c
Grade: 1 bulls and 3 cows
Turn 19:
> a71c
Grade: 4 cows
Turn 20:
> c71a
Grade: 1 bulls and 3 cows
Turn 21:
> 7c1a
Grade: 4 cows
Turn 22:
> 1c7a
Grade: 1 bulls and 3 cows
Turn 23:
> c17a
Grade: 2 bulls and 2 cows
Turn 24:
> 71ca
Grade: 4 cows
Turn 25:
> 17ca
Grade: 4 cows
Turn 26:
> 1ac7
Grade: 1 bulls and 3 cows
Turn 27:
> a1c7
Grade: 4 cows
Turn 28:
> c1a7
Grade: 1 bulls and 3 cows
Turn 29:
> 1ca7
Grade: 4 cows
Turn 30:
> ac17
Grade: 4 cows
Turn 31:
> ca17
Grade: 2 bulls and 2 cows
Turn 32:
> ca71
Grade: 4 bulls
Congratulations! You guessed the secret code.
?[1;31m
Start test 6?[0m
Please, enter the secret code's length:
> 6
Input the number of possible symbols in the code:
> 36
The secret is prepared: ****** (0-9, a-z).
Okay, let's start a game!
Turn 1:
> 000000
Grade:  None.
Turn 2:
> 111111
Grade:  None.
Turn 3:
> 222222
Grade:  None.
Turn 4:
> 333333
Grade:  None.
Turn 5:
> 444444
Grade: 1 bull and 1 cow
Turn 6:
> 555555
Grade:  None.
Turn 7:
> 666666
Grade:  None.
Turn 8:
> 777777
Grade:  None.
Turn 9:
> 888888
Grade: 1 bull and 1 cow
Turn 10:
> 999999
Grade:  None.
Turn 11:
> aaaaaa
Grade:  None.
Turn 12:
> bbbbbb
Grade:  None.
Turn 13:
> cccccc
Grade: 1 bull and 1 cow
Turn 14:
> dddddd
Grade: 1 bull and 1 cow
Turn 15:
> eeeeee
Grade:  None.
Turn 16:
> ffffff
Grade:  None.
Turn 17:
> gggggg
Grade: 1 bull and 1 cow
Turn 18:
> hhhhhh
Grade:  None.
Turn 19:
> iiiiii
Grade:  None.
Turn 20:
> jjjjjj
Grade:  None.
Turn 21:
> kkkkkk
Grade: 1 bull
Turn 22:
> 48cdgk
Grade: 6 cows
Turn 23:
> 84cdgk
Grade: 6 cows
Turn 24:
> c48dgk
Grade: 6 cows
Turn 25:
> 4c8dgk
Grade: 6 cows
Turn 26:
> 8c4dgk
Grade: 6 cows
Turn 27:
> c84dgk
Grade: 6 cows
Turn 28:
> d84cgk
Grade: 1 bull and 5 cows
Turn 29:
> 8d4cgk
Grade: 2 bulls and 4 cows
Turn 30:
> 4d8cgk
Grade: 2 bulls and 4 cows
Turn 31:
> d48cgk
Grade: 1 bulls and 5 cows
Turn 32:
> 84dcgk
Grade: 1 bulls and 5 cows
Turn 33:
> 48dcgk
Grade: 1 bulls and 5 cows
Turn 34:
> 4cd8gk
Grade: 6 cows
Turn 35:
> c4d8gk
Grade: 6 cows
Turn 36:
> d4c8gk
Grade: 6 cows
Turn 37:
> 4dc8gk
Grade: 1 bulls and 5 cows
Turn 38:
> cd48gk
Grade: 1 bulls and 5 cows
Turn 39:
> dc48gk
Grade: 6 cows
Turn 40:
> dc84gk
Grade: 6 cows
Turn 41:
> cd84gk
Grade: 1 bulls and 5 cows
Turn 42:
> 8dc4gk
Grade: 1 bulls and 5 cows
Turn 43:
> d8c4gk
Grade: 6 cows
Turn 44:
> c8d4gk
Grade: 6 cows
Turn 45:
> 8cd4gk
Grade: 6 cows
Turn 46:
> gcd48k
Grade: 1 bulls and 5 cows
Turn 47:
> cgd48k
Grade: 1 bulls and 5 cows
Turn 48:
> dgc48k
Grade: 1 bulls and 5 cows
Turn 49:
> gdc48k
Grade: 2 bulls and 4 cows
Turn 50:
> cdg48k
Grade: 3 bulls and 3 cows
Turn 51:
> dcg48k
Grade: 2 bulls and 4 cows
Turn 52:
> 4cgd8k
Grade: 2 bulls and 4 cows
Turn 53:
> c4gd8k
Grade: 2 bulls and 4 cows
Turn 54:
> g4cd8k
Grade: 1 bulls and 5 cows
Turn 55:
> 4gcd8k
Grade: 1 bulls and 5 cows
Turn 56:
> cg4d8k
Grade: 1 bulls and 5 cows
Turn 57:
> gc4d8k
Grade: 1 bulls and 5 cows
Turn 58:
> gd4c8k
Grade: 3 bulls and 3 cows
Turn 59:
> dg4c8k
Grade: 2 bulls and 4 cows
Turn 60:
> 4gdc8k
Grade: 2 bulls and 4 cows
Turn 61:
> g4dc8k
Grade: 2 bulls and 4 cows
Turn 62:
> d4gc8k
Grade: 3 bulls and 3 cows
Turn 63:
> 4dgc8k
Grade: 4 bulls and 2 cows
Turn 64:
> 4dcg8k
Grade: 2 bulls and 4 cows
Turn 65:
> d4cg8k
Grade: 1 bulls and 5 cows
Turn 66:
> c4dg8k
Grade: 1 bulls and 5 cows
Turn 67:
> 4cdg8k
Grade: 1 bulls and 5 cows
Turn 68:
> dc4g8k
Grade: 1 bulls and 5 cows
Turn 69:
> cd4g8k
Grade: 2 bulls and 4 cows
Turn 70:
> 8d4gck
Grade: 1 bulls and 5 cows
Turn 71:
> d84gck
Grade: 6 cows
Turn 72:
> 48dgck
Grade: 6 cows
Turn 73:
> 84dgck
Grade: 6 cows
Turn 74:
> d48gck
Grade: 6 cows
Turn 75:
> 4d8gck
Grade: 1 bulls and 5 cows
Turn 76:
> gd84ck
Grade: 1 bulls and 5 cows
Turn 77:
> dg84ck
Grade: 6 cows
Turn 78:
> 8gd4ck
Grade: 6 cows
Turn 79:
> g8d4ck
Grade: 6 cows
Turn 80:
> d8g4ck
Grade: 1 bulls and 5 cows
Turn 81:
> 8dg4ck
Grade: 2 bulls and 4 cows
Turn 82:
> 84gdck
Grade: 1 bulls and 5 cows
Turn 83:
> 48gdck
Grade: 1 bulls and 5 cows
Turn 84:
> g84dck
Grade: 6 cows
Turn 85:
> 8g4dck
Grade: 6 cows
Turn 86:
> 4g8dck
Grade: 6 cows
Turn 87:
> g48dck
Grade: 6 cows
Turn 88:
> g4d8ck
Grade: 6 cows
Turn 89:
> 4gd8ck
Grade: 6 cows
Turn 90:
> dg48ck
Grade: 6 cows
Turn 91:
> gd48ck
Grade: 1 bulls and 5 cows
Turn 92:
> 4dg8ck
Grade: 2 bulls and 4 cows
Turn 93:
> d4g8ck
Grade: 1 bulls and 5 cows
Turn 94:
> c4g8dk
Grade: 1 bulls and 5 cows
Turn 95:
> 4cg8dk
Grade: 1 bulls and 5 cows
Turn 96:
> gc48dk
Grade: 6 cows
Turn 97:
> cg48dk
Grade: 6 cows
Turn 98:
> 4gc8dk
Grade: 6 cows
Turn 99:
> g4c8dk
Grade: 6 cows
Turn 100:
> 84cgdk
Grade: 6 cows
Turn 101:
> 48cgdk
Grade: 6 cows
Turn 102:
> c84gdk
Grade: 6 cows
Turn 103:
> 8c4gdk
Grade: 6 cows
Turn 104:
> 4c8gdk
Grade: 6 cows
Turn 105:
> c48gdk
Grade: 6 cows
Turn 106:
> cg84dk
Grade: 6 cows
Turn 107:
> gc84dk
Grade: 6 cows
Turn 108:
> 8cg4dk
Grade: 1 bulls and 5 cows
Turn 109:
> c8g4dk
Grade: 1 bulls and 5 cows
Turn 110:
> g8c4dk
Grade: 6 cows
Turn 111:
> 8gc4dk
Grade: 6 cows
Turn 112:
> 8g4cdk
Grade: 1 bulls and 5 cows
Turn 113:
> g84cdk
Grade: 1 bulls and 5 cows
Turn 114:
> 48gcdk
Grade: 2 bulls and 4 cows
Turn 115:
> 84gcdk
Grade: 2 bulls and 4 cows
Turn 116:
> g48cdk
Grade: 1 bulls and 5 cows
Turn 117:
> 4g8cdk
Grade: 1 bulls and 5 cows
Turn 118:
> dg8c4k
Grade: 1 bulls and 5 cows
Turn 119:
> gd8c4k
Grade: 2 bulls and 4 cows
Turn 120:
> 8dgc4k
Grade: 3 bulls and 3 cows
Turn 121:
> d8gc4k
Grade: 2 bulls and 4 cows
Turn 122:
> g8dc4k
Grade: 1 bulls and 5 cows
Turn 123:
> 8gdc4k
Grade: 1 bulls and 5 cows
Turn 124:
> cgd84k
Grade: 6 cows
Turn 125:
> gcd84k
Grade: 6 cows
Turn 126:
> dcg84k
Grade: 1 bulls and 5 cows
Turn 127:
> cdg84k
Grade: 2 bulls and 4 cows
Turn 128:
> gdc84k
Grade: 1 bulls and 5 cows
Turn 129:
> dgc84k
Grade: 6 cows
Turn 130:
> d8cg4k
Grade: 6 cows
Turn 131:
> 8dcg4k
Grade: 1 bulls and 5 cows
Turn 132:
> cd8g4k
Grade: 1 bulls and 5 cows
Turn 133:
> dc8g4k
Grade: 6 cows
Turn 134:
> 8cdg4k
Grade: 6 cows
Turn 135:
> c8dg4k
Grade: 6 cows
Turn 136:
> c8gd4k
Grade: 1 bulls and 5 cows
Turn 137:
> 8cgd4k
Grade: 1 bulls and 5 cows
Turn 138:
> gc8d4k
Grade: 6 cows
Turn 139:
> cg8d4k
Grade: 6 cows
Turn 140:
> 8gcd4k
Grade: 6 cows
Turn 141:
> g8cd4k
Grade: 6 cows
Turn 142:
> k8cd4g
Grade: 1 bulls and 5 cows
Turn 143:
> 8kcd4g
Grade: 6 cows
Turn 144:
> ck8d4g
Grade: 6 cows
Turn 145:
> kc8d4g
Grade: 1 bulls and 5 cows
Turn 146:
> 8ckd4g
Grade: 6 cows
Turn 147:
> c8kd4g
Grade: 6 cows
Turn 148:
> d8kc4g
Grade: 1 bulls and 5 cows
Turn 149:
> 8dkc4g
Grade: 2 bulls and 4 cows
Turn 150:
> kd8c4g
Grade: 3 bulls and 3 cows
Turn 151:
> dk8c4g
Grade: 1 bulls and 5 cows
Turn 152:
> 8kdc4g
Grade: 1 bulls and 5 cows
Turn 153:
> k8dc4g
Grade: 2 bulls and 4 cows
Turn 154:
> kcd84g
Grade: 1 bulls and 5 cows
Turn 155:
> ckd84g
Grade: 6 cows
Turn 156:
> dkc84g
Grade: 6 cows
Turn 157:
> kdc84g
Grade: 2 bulls and 4 cows
Turn 158:
> cdk84g
Grade: 1 bulls and 5 cows
Turn 159:
> dck84g
Grade: 6 cows
Turn 160:
> dc8k4g
Grade: 6 cows
Turn 161:
> cd8k4g
Grade: 1 bulls and 5 cows
Turn 162:
> 8dck4g
Grade: 1 bulls and 5 cows
Turn 163:
> d8ck4g
Grade: 6 cows
Turn 164:
> c8dk4g
Grade: 6 cows
Turn 165:
> 8cdk4g
Grade: 6 cows
Turn 166:
> 4cdk8g
Grade: 1 bulls and 5 cows
Turn 167:
> c4dk8g
Grade: 1 bulls and 5 cows
Turn 168:
> d4ck8g
Grade: 1 bulls and 5 cows
Turn 169:
> 4dck8g
Grade: 2 bulls and 4 cows
Turn 170:
> cd4k8g
Grade: 2 bulls and 4 cows
Turn 171:
> dc4k8g
Grade: 1 bulls and 5 cows
Turn 172:
> kc4d8g
Grade: 2 bulls and 4 cows
Turn 173:
> ck4d8g
Grade: 1 bulls and 5 cows
Turn 174:
> 4kcd8g
Grade: 1 bulls and 5 cows
Turn 175:
> k4cd8g
Grade: 2 bulls and 4 cows
Turn 176:
> c4kd8g
Grade: 1 bulls and 5 cows
Turn 177:
> 4ckd8g
Grade: 1 bulls and 5 cows
Turn 178:
> 4dkc8g
Grade: 3 bulls and 3 cows
Turn 179:
> d4kc8g
Grade: 2 bulls and 4 cows
Turn 180:
> k4dc8g
Grade: 3 bulls and 3 cows
Turn 181:
> 4kdc8g
Grade: 2 bulls and 4 cows
Turn 182:
> dk4c8g
Grade: 2 bulls and 4 cows
Turn 183:
> kd4c8g
Grade: 4 bulls and 2 cows
Turn 184:
> kdc48g
Grade: 3 bulls and 3 cows
Turn 185:
> dkc48g
Grade: 1 bulls and 5 cows
Turn 186:
> ckd48g
Grade: 1 bulls and 5 cows
Turn 187:
> kcd48g
Grade: 2 bulls and 4 cows
Turn 188:
> dck48g
Grade: 1 bulls and 5 cows
Turn 189:
> cdk48g
Grade: 2 bulls and 4 cows
Turn 190:
> 8dk4cg
Grade: 1 bulls and 5 cows
Turn 191:
> d8k4cg
Grade: 6 cows
Turn 192:
> k8d4cg
Grade: 1 bulls and 5 cows
Turn 193:
> 8kd4cg
Grade: 6 cows
Turn 194:
> dk84cg
Grade: 6 cows
Turn 195:
> kd84cg
Grade: 2 bulls and 4 cows
Turn 196:
> 4d8kcg
Grade: 1 bulls and 5 cows
Turn 197:
> d48kcg
Grade: 6 cows
Turn 198:
> 84dkcg
Grade: 6 cows
Turn 199:
> 48dkcg
Grade: 6 cows
Turn 200:
> d84kcg
Grade: 6 cows
Turn 201:
> 8d4kcg
Grade: 1 bulls and 5 cows
Turn 202:
> 8k4dcg
Grade: 6 cows
Turn 203:
> k84dcg
Grade: 1 bulls and 5 cows
Turn 204:
> 48kdcg
Grade: 6 cows
Turn 205:
> 84kdcg
Grade: 6 cows
Turn 206:
> k48dcg
Grade: 1 bulls and 5 cows
Turn 207:
> 4k8dcg
Grade: 6 cows
Turn 208:
> 4kd8cg
Grade: 6 cows
Turn 209:
> k4d8cg
Grade: 1 bulls and 5 cows
Turn 210:
> d4k8cg
Grade: 6 cows
Turn 211:
> 4dk8cg
Grade: 1 bulls and 5 cows
Turn 212:
> kd48cg
Grade: 2 bulls and 4 cows
Turn 213:
> dk48cg
Grade: 6 cows
Turn 214:
> ck48dg
Grade: 6 cows
Turn 215:
> kc48dg
Grade: 1 bulls and 5 cows
Turn 216:
> 4ck8dg
Grade: 6 cows
Turn 217:
> c4k8dg
Grade: 6 cows
Turn 218:
> k4c8dg
Grade: 1 bulls and 5 cows
Turn 219:
> 4kc8dg
Grade: 6 cows
Turn 220:
> 8kc4dg
Grade: 6 cows
Turn 221:
> k8c4dg
Grade: 1 bulls and 5 cows
Turn 222:
> c8k4dg
Grade: 6 cows
Turn 223:
> 8ck4dg
Grade: 6 cows
Turn 224:
> kc84dg
Grade: 1 bulls and 5 cows
Turn 225:
> ck84dg
Grade: 6 cows
Turn 226:
> c48kdg
Grade: 6 cows
Turn 227:
> 4c8kdg
Grade: 6 cows
Turn 228:
> 8c4kdg
Grade: 6 cows
Turn 229:
> c84kdg
Grade: 6 cows
Turn 230:
> 48ckdg
Grade: 6 cows
Turn 231:
> 84ckdg
Grade: 6 cows
Turn 232:
> 84kcdg
Grade: 1 bulls and 5 cows
Turn 233:
> 48kcdg
Grade: 1 bulls and 5 cows
Turn 234:
> k84cdg
Grade: 2 bulls and 4 cows
Turn 235:
> 8k4cdg
Grade: 1 bulls and 5 cows
Turn 236:
> 4k8cdg
Grade: 1 bulls and 5 cows
Turn 237:
> k48cdg
Grade: 2 bulls and 4 cows
Turn 238:
> d48ckg
Grade: 1 bulls and 5 cows
Turn 239:
> 4d8ckg
Grade: 2 bulls and 4 cows
Turn 240:
> 8d4ckg
Grade: 2 bulls and 4 cows
Turn 241:
> d84ckg
Grade: 1 bulls and 5 cows
Turn 242:
> 48dckg
Grade: 1 bulls and 5 cows
Turn 243:
> 84dckg
Grade: 1 bulls and 5 cows
Turn 244:
> c4d8kg
Grade: 6 cows
Turn 245:
> 4cd8kg
Grade: 6 cows
Turn 246:
> dc48kg
Grade: 6 cows
Turn 247:
> cd48kg
Grade: 1 bulls and 5 cows
Turn 248:
> 4dc8kg
Grade: 1 bulls and 5 cows
Turn 249:
> d4c8kg
Grade: 6 cows
Turn 250:
> d8c4kg
Grade: 6 cows
Turn 251:
> 8dc4kg
Grade: 1 bulls and 5 cows
Turn 252:
> cd84kg
Grade: 1 bulls and 5 cows
Turn 253:
> dc84kg
Grade: 6 cows
Turn 254:
> 8cd4kg
Grade: 6 cows
Turn 255:
> c8d4kg
Grade: 6 cows
Turn 256:
> c84dkg
Grade: 6 cows
Turn 257:
> 8c4dkg
Grade: 6 cows
Turn 258:
> 4c8dkg
Grade: 6 cows
Turn 259:
> c48dkg
Grade: 6 cows
Turn 260:
> 84cdkg
Grade: 6 cows
Turn 261:
> 48cdkg
Grade: 6 cows
Turn 262:
> 4gcdk8
Grade: 6 cows
Turn 263:
> g4cdk8
Grade: 6 cows
Turn 264:
> c4gdk8
Grade: 1 bulls and 5 cows
Turn 265:
> 4cgdk8
Grade: 1 bulls and 5 cows
Turn 266:
> gc4dk8
Grade: 6 cows
Turn 267:
> cg4dk8
Grade: 6 cows
Turn 268:
> dg4ck8
Grade: 1 bulls and 5 cows
Turn 269:
> gd4ck8
Grade: 2 bulls and 4 cows
Turn 270:
> 4dgck8
Grade: 3 bulls and 3 cows
Turn 271:
> d4gck8
Grade: 2 bulls and 4 cows
Turn 272:
> g4dck8
Grade: 1 bulls and 5 cows
Turn 273:
> 4gdck8
Grade: 1 bulls and 5 cows
Turn 274:
> 4cdgk8
Grade: 6 cows
Turn 275:
> c4dgk8
Grade: 6 cows
Turn 276:
> d4cgk8
Grade: 6 cows
Turn 277:
> 4dcgk8
Grade: 1 bulls and 5 cows
Turn 278:
> cd4gk8
Grade: 1 bulls and 5 cows
Turn 279:
> dc4gk8
Grade: 6 cows
Turn 280:
> dcg4k8
Grade: 1 bulls and 5 cows
Turn 281:
> cdg4k8
Grade: 2 bulls and 4 cows
Turn 282:
> gdc4k8
Grade: 1 bulls and 5 cows
Turn 283:
> dgc4k8
Grade: 6 cows
Turn 284:
> cgd4k8
Grade: 6 cows
Turn 285:
> gcd4k8
Grade: 6 cows
Turn 286:
> kcd4g8
Grade: 1 bulls and 5 cows
Turn 287:
> ckd4g8
Grade: 6 cows
Turn 288:
> dkc4g8
Grade: 6 cows
Turn 289:
> kdc4g8
Grade: 2 bulls and 4 cows
Turn 290:
> cdk4g8
Grade: 1 bulls and 5 cows
Turn 291:
> dck4g8
Grade: 6 cows
Turn 292:
> 4ckdg8
Grade: 6 cows
Turn 293:
> c4kdg8
Grade: 6 cows
Turn 294:
> k4cdg8
Grade: 1 bulls and 5 cows
Turn 295:
> 4kcdg8
Grade: 6 cows
Turn 296:
> ck4dg8
Grade: 6 cows
Turn 297:
> kc4dg8
Grade: 1 bulls and 5 cows
Turn 298:
> kd4cg8
Grade: 3 bulls and 3 cows
Turn 299:
> dk4cg8
Grade: 1 bulls and 5 cows
Turn 300:
> 4kdcg8
Grade: 1 bulls and 5 cows
Turn 301:
> k4dcg8
Grade: 2 bulls and 4 cows
Turn 302:
> d4kcg8
Grade: 1 bulls and 5 cows
Turn 303:
> 4dkcg8
Grade: 2 bulls and 4 cows
Turn 304:
> 4dckg8
Grade: 1 bulls and 5 cows
Turn 305:
> d4ckg8
Grade: 6 cows
Turn 306:
> c4dkg8
Grade: 6 cows
Turn 307:
> 4cdkg8
Grade: 6 cows
Turn 308:
> dc4kg8
Grade: 6 cows
Turn 309:
> cd4kg8
Grade: 1 bulls and 5 cows
Turn 310:
> gd4kc8
Grade: 1 bulls and 5 cows
Turn 311:
> dg4kc8
Grade: 6 cows
Turn 312:
> 4gdkc8
Grade: 6 cows
Turn 313:
> g4dkc8
Grade: 6 cows
Turn 314:
> d4gkc8
Grade: 1 bulls and 5 cows
Turn 315:
> 4dgkc8
Grade: 2 bulls and 4 cows
Turn 316:
> kdg4c8
Grade: 3 bulls and 3 cows
Turn 317:
> dkg4c8
Grade: 1 bulls and 5 cows
Turn 318:
> gkd4c8
Grade: 6 cows
Turn 319:
> kgd4c8
Grade: 1 bulls and 5 cows
Turn 320:
> dgk4c8
Grade: 6 cows
Turn 321:
> gdk4c8
Grade: 1 bulls and 5 cows
Turn 322:
> g4kdc8
Grade: 6 cows
Turn 323:
> 4gkdc8
Grade: 6 cows
Turn 324:
> kg4dc8
Grade: 1 bulls and 5 cows
Turn 325:
> gk4dc8
Grade: 6 cows
Turn 326:
> 4kgdc8
Grade: 1 bulls and 5 cows
Turn 327:
> k4gdc8
Grade: 2 bulls and 4 cows
Turn 328:
> k4dgc8
Grade: 1 bulls and 5 cows
Turn 329:
> 4kdgc8
Grade: 6 cows
Turn 330:
> dk4gc8
Grade: 6 cows
Turn 331:
> kd4gc8
Grade: 2 bulls and 4 cows
Turn 332:
> 4dkgc8
Grade: 1 bulls and 5 cows
Turn 333:
> d4kgc8
Grade: 6 cows
Turn 334:
> c4kgd8
Grade: 6 cows
Turn 335:
> 4ckgd8
Grade: 6 cows
Turn 336:
> kc4gd8
Grade: 1 bulls and 5 cows
Turn 337:
> ck4gd8
Grade: 6 cows
Turn 338:
> 4kcgd8
Grade: 6 cows
Turn 339:
> k4cgd8
Grade: 1 bulls and 5 cows
Turn 340:
> g4ckd8
Grade: 6 cows
Turn 341:
> 4gckd8
Grade: 6 cows
Turn 342:
> cg4kd8
Grade: 6 cows
Turn 343:
> gc4kd8
Grade: 6 cows
Turn 344:
> 4cgkd8
Grade: 1 bulls and 5 cows
Turn 345:
> c4gkd8
Grade: 1 bulls and 5 cows
Turn 346:
> ckg4d8
Grade: 1 bulls and 5 cows
Turn 347:
> kcg4d8
Grade: 2 bulls and 4 cows
Turn 348:
> gck4d8
Grade: 6 cows
Turn 349:
> cgk4d8
Grade: 6 cows
Turn 350:
> kgc4d8
Grade: 1 bulls and 5 cows
Turn 351:
> gkc4d8
Grade: 6 cows
Turn 352:
> gk4cd8
Grade: 1 bulls and 5 cows
Turn 353:
> kg4cd8
Grade: 2 bulls and 4 cows
Turn 354:
> 4gkcd8
Grade: 1 bulls and 5 cows
Turn 355:
> g4kcd8
Grade: 1 bulls and 5 cows
Turn 356:
> k4gcd8
Grade: 3 bulls and 3 cows
Turn 357:
> 4kgcd8
Grade: 2 bulls and 4 cows
Turn 358:
> dkgc48
Grade: 2 bulls and 4 cows
Turn 359:
> kdgc48
Grade: 4 bulls and 2 cows
Turn 360:
> gdkc48
Grade: 2 bulls and 4 cows
Turn 361:
> dgkc48
Grade: 1 bulls and 5 cows
Turn 362:
> kgdc48
Grade: 2 bulls and 4 cows
Turn 363:
> gkdc48
Grade: 1 bulls and 5 cows
Turn 364:
> ckdg48
Grade: 6 cows
Turn 365:
> kcdg48
Grade: 1 bulls and 5 cows
Turn 366:
> dckg48
Grade: 6 cows
Turn 367:
> cdkg48
Grade: 1 bulls and 5 cows
Turn 368:
> kdcg48
Grade: 2 bulls and 4 cows
Turn 369:
> dkcg48
Grade: 6 cows
Turn 370:
> dgck48
Grade: 6 cows
Turn 371:
> gdck48
Grade: 1 bulls and 5 cows
Turn 372:
> cdgk48
Grade: 2 bulls and 4 cows
Turn 373:
> dcgk48
Grade: 1 bulls and 5 cows
Turn 374:
> gcdk48
Grade: 6 cows
Turn 375:
> cgdk48
Grade: 6 cows
Turn 376:
> cgkd48
Grade: 6 cows
Turn 377:
> gckd48
Grade: 6 cows
Turn 378:
> kcgd48
Grade: 2 bulls and 4 cows
Turn 379:
> ckgd48
Grade: 1 bulls and 5 cows
Turn 380:
> gkcd48
Grade: 6 cows
Turn 381:
> kgcd48
Grade: 1 bulls and 5 cows
Turn 382:
> kg8d4c
Grade: 1 bulls and 5 cows
Turn 383:
> gk8d4c
Grade: 6 cows
Turn 384:
> 8kgd4c
Grade: 1 bulls and 5 cows
Turn 385:
> k8gd4c
Grade: 2 bulls and 4 cows
Turn 386:
> g8kd4c
Grade: 6 cows
Turn 387:
> 8gkd4c
Grade: 6 cows
Turn 388:
> dgk84c
Grade: 6 cows
Turn 389:
> gdk84c
Grade: 1 bulls and 5 cows
Turn 390:
> kdg84c
Grade: 3 bulls and 3 cows
Turn 391:
> dkg84c
Grade: 1 bulls and 5 cows
Turn 392:
> gkd84c
Grade: 6 cows
Turn 393:
> kgd84c
Grade: 1 bulls and 5 cows
Turn 394:
> k8dg4c
Grade: 1 bulls and 5 cows
Turn 395:
> 8kdg4c
Grade: 6 cows
Turn 396:
> dk8g4c
Grade: 6 cows
Turn 397:
> kd8g4c
Grade: 2 bulls and 4 cows
Turn 398:
> 8dkg4c
Grade: 1 bulls and 5 cows
Turn 399:
> d8kg4c
Grade: 6 cows
Turn 400:
> d8gk4c
Grade: 1 bulls and 5 cows
Turn 401:
> 8dgk4c
Grade: 2 bulls and 4 cows
Turn 402:
> gd8k4c
Grade: 1 bulls and 5 cows
Turn 403:
> dg8k4c
Grade: 6 cows
Turn 404:
> 8gdk4c
Grade: 6 cows
Turn 405:
> g8dk4c
Grade: 6 cows
Turn 406:
> 48dkgc
Grade: 6 cows
Turn 407:
> 84dkgc
Grade: 6 cows
Turn 408:
> d48kgc
Grade: 6 cows
Turn 409:
> 4d8kgc
Grade: 1 bulls and 5 cows
Turn 410:
> 8d4kgc
Grade: 1 bulls and 5 cows
Turn 411:
> d84kgc
Grade: 6 cows
Turn 412:
> k84dgc
Grade: 1 bulls and 5 cows
Turn 413:
> 8k4dgc
Grade: 6 cows
Turn 414:
> 4k8dgc
Grade: 6 cows
Turn 415:
> k48dgc
Grade: 1 bulls and 5 cows
Turn 416:
> 84kdgc
Grade: 6 cows
Turn 417:
> 48kdgc
Grade: 6 cows
Turn 418:
> 4dk8gc
Grade: 1 bulls and 5 cows
Turn 419:
> d4k8gc
Grade: 6 cows
Turn 420:
> k4d8gc
Grade: 1 bulls and 5 cows
Turn 421:
> 4kd8gc
Grade: 6 cows
Turn 422:
> dk48gc
Grade: 6 cows
Turn 423:
> kd48gc
Grade: 2 bulls and 4 cows
Turn 424:
> kd84gc
Grade: 2 bulls and 4 cows
Turn 425:
> dk84gc
Grade: 6 cows
Turn 426:
> 8kd4gc
Grade: 6 cows
Turn 427:
> k8d4gc
Grade: 1 bulls and 5 cows
Turn 428:
> d8k4gc
Grade: 6 cows
Turn 429:
> 8dk4gc
Grade: 1 bulls and 5 cows
Turn 430:
> gdk48c
Grade: 2 bulls and 4 cows
Turn 431:
> dgk48c
Grade: 1 bulls and 5 cows
Turn 432:
> kgd48c
Grade: 2 bulls and 4 cows
Turn 433:
> gkd48c
Grade: 1 bulls and 5 cows
Turn 434:
> dkg48c
Grade: 2 bulls and 4 cows
Turn 435:
> kdg48c
Grade: 4 bulls and 2 cows
Turn 436:
> 4dgk8c
Grade: 3 bulls and 3 cows
Turn 437:
> d4gk8c
Grade: 2 bulls and 4 cows
Turn 438:
> g4dk8c
Grade: 1 bulls and 5 cows
Turn 439:
> 4gdk8c
Grade: 1 bulls and 5 cows
Turn 440:
> dg4k8c
Grade: 1 bulls and 5 cows
Turn 441:
> gd4k8c
Grade: 2 bulls and 4 cows
Turn 442:
> gk4d8c
Grade: 1 bulls and 5 cows
Turn 443:
> kg4d8c
Grade: 2 bulls and 4 cows
Turn 444:
> 4gkd8c
Grade: 1 bulls and 5 cows
Turn 445:
> g4kd8c
Grade: 1 bulls and 5 cows
Turn 446:
> k4gd8c
Grade: 3 bulls and 3 cows
Turn 447:
> 4kgd8c
Grade: 2 bulls and 4 cows
Turn 448:
> 4kdg8c
Grade: 1 bulls and 5 cows
Turn 449:
> k4dg8c
Grade: 2 bulls and 4 cows
Turn 450:
> d4kg8c
Grade: 1 bulls and 5 cows
Turn 451:
> 4dkg8c
Grade: 2 bulls and 4 cows
Turn 452:
> kd4g8c
Grade: 3 bulls and 3 cows
Turn 453:
> dk4g8c
Grade: 1 bulls and 5 cows
Turn 454:
> 8k4gdc
Grade: 6 cows
Turn 455:
> k84gdc
Grade: 1 bulls and 5 cows
Turn 456:
> 48kgdc
Grade: 6 cows
Turn 457:
> 84kgdc
Grade: 6 cows
Turn 458:
> k48gdc
Grade: 1 bulls and 5 cows
Turn 459:
> 4k8gdc
Grade: 6 cows
Turn 460:
> gk84dc
Grade: 6 cows
Turn 461:
> kg84dc
Grade: 1 bulls and 5 cows
Turn 462:
> 8gk4dc
Grade: 6 cows
Turn 463:
> g8k4dc
Grade: 6 cows
Turn 464:
> k8g4dc
Grade: 2 bulls and 4 cows
Turn 465:
> 8kg4dc
Grade: 1 bulls and 5 cows
Turn 466:
> 84gkdc
Grade: 1 bulls and 5 cows
Turn 467:
> 48gkdc
Grade: 1 bulls and 5 cows
Turn 468:
> g84kdc
Grade: 6 cows
Turn 469:
> 8g4kdc
Grade: 6 cows
Turn 470:
> 4g8kdc
Grade: 6 cows
Turn 471:
> g48kdc
Grade: 6 cows
Turn 472:
> g4k8dc
Grade: 6 cows
Turn 473:
> 4gk8dc
Grade: 6 cows
Turn 474:
> kg48dc
Grade: 1 bulls and 5 cows
Turn 475:
> gk48dc
Grade: 6 cows
Turn 476:
> 4kg8dc
Grade: 1 bulls and 5 cows
Turn 477:
> k4g8dc
Grade: 2 bulls and 4 cows
Turn 478:
> d4g8kc
Grade: 1 bulls and 5 cows
Turn 479:
> 4dg8kc
Grade: 2 bulls and 4 cows
Turn 480:
> gd48kc
Grade: 1 bulls and 5 cows
Turn 481:
> dg48kc
Grade: 6 cows
Turn 482:
> 4gd8kc
Grade: 6 cows
Turn 483:
> g4d8kc
Grade: 6 cows
Turn 484:
> 84dgkc
Grade: 6 cows
Turn 485:
> 48dgkc
Grade: 6 cows
Turn 486:
> d84gkc
Grade: 6 cows
Turn 487:
> 8d4gkc
Grade: 1 bulls and 5 cows
Turn 488:
> 4d8gkc
Grade: 1 bulls and 5 cows
Turn 489:
> d48gkc
Grade: 6 cows
Turn 490:
> dg84kc
Grade: 6 cows
Turn 491:
> gd84kc
Grade: 1 bulls and 5 cows
Turn 492:
> 8dg4kc
Grade: 2 bulls and 4 cows
Turn 493:
> d8g4kc
Grade: 1 bulls and 5 cows
Turn 494:
> g8d4kc
Grade: 6 cows
Turn 495:
> 8gd4kc
Grade: 6 cows
Turn 496:
> 8g4dkc
Grade: 6 cows
Turn 497:
> g84dkc
Grade: 6 cows
Turn 498:
> 48gdkc
Grade: 1 bulls and 5 cows
Turn 499:
> 84gdkc
Grade: 1 bulls and 5 cows
Turn 500:
> g48dkc
Grade: 6 cows
Turn 501:
> 4g8dkc
Grade: 6 cows
Turn 502:
> 4g8ckd
Grade: 1 bulls and 5 cows
Turn 503:
> g48ckd
Grade: 1 bulls and 5 cows
Turn 504:
> 84gckd
Grade: 2 bulls and 4 cows
Turn 505:
> 48gckd
Grade: 2 bulls and 4 cows
Turn 506:
> g84ckd
Grade: 1 bulls and 5 cows
Turn 507:
> 8g4ckd
Grade: 1 bulls and 5 cows
Turn 508:
> cg48kd
Grade: 6 cows
Turn 509:
> gc48kd
Grade: 6 cows
Turn 510:
> 4cg8kd
Grade: 1 bulls and 5 cows
Turn 511:
> c4g8kd
Grade: 1 bulls and 5 cows
Turn 512:
> g4c8kd
Grade: 6 cows
Turn 513:
> 4gc8kd
Grade: 6 cows
Turn 514:
> 48cgkd
Grade: 6 cows
Turn 515:
> 84cgkd
Grade: 6 cows
Turn 516:
> c48gkd
Grade: 6 cows
Turn 517:
> 4c8gkd
Grade: 6 cows
Turn 518:
> 8c4gkd
Grade: 6 cows
Turn 519:
> c84gkd
Grade: 6 cows
Turn 520:
> c8g4kd
Grade: 1 bulls and 5 cows
Turn 521:
> 8cg4kd
Grade: 1 bulls and 5 cows
Turn 522:
> gc84kd
Grade: 6 cows
Turn 523:
> cg84kd
Grade: 6 cows
Turn 524:
> 8gc4kd
Grade: 6 cows
Turn 525:
> g8c4kd
Grade: 6 cows
Turn 526:
> k8c4gd
Grade: 1 bulls and 5 cows
Turn 527:
> 8kc4gd
Grade: 6 cows
Turn 528:
> ck84gd
Grade: 6 cows
Turn 529:
> kc84gd
Grade: 1 bulls and 5 cows
Turn 530:
> 8ck4gd
Grade: 6 cows
Turn 531:
> c8k4gd
Grade: 6 cows
Turn 532:
> 48kcgd
Grade: 1 bulls and 5 cows
Turn 533:
> 84kcgd
Grade: 1 bulls and 5 cows
Turn 534:
> k48cgd
Grade: 2 bulls and 4 cows
Turn 535:
> 4k8cgd
Grade: 1 bulls and 5 cows
Turn 536:
> 8k4cgd
Grade: 1 bulls and 5 cows
Turn 537:
> k84cgd
Grade: 2 bulls and 4 cows
Turn 538:
> kc48gd
Grade: 1 bulls and 5 cows
Turn 539:
> ck48gd
Grade: 6 cows
Turn 540:
> 4kc8gd
Grade: 6 cows
Turn 541:
> k4c8gd
Grade: 1 bulls and 5 cows
Turn 542:
> c4k8gd
Grade: 6 cows
Turn 543:
> 4ck8gd
Grade: 6 cows
Turn 544:
> 4c8kgd
Grade: 6 cows
Turn 545:
> c48kgd
Grade: 6 cows
Turn 546:
> 84ckgd
Grade: 6 cows
Turn 547:
> 48ckgd
Grade: 6 cows
Turn 548:
> c84kgd
Grade: 6 cows
Turn 549:
> 8c4kgd
Grade: 6 cows
Turn 550:
> gc4k8d
Grade: 1 bulls and 5 cows
Turn 551:
> cg4k8d
Grade: 1 bulls and 5 cows
Turn 552:
> 4gck8d
Grade: 1 bulls and 5 cows
Turn 553:
> g4ck8d
Grade: 1 bulls and 5 cows
Turn 554:
> c4gk8d
Grade: 2 bulls and 4 cows
Turn 555:
> 4cgk8d
Grade: 2 bulls and 4 cows
Turn 556:
> kcg48d
Grade: 3 bulls and 3 cows
Turn 557:
> ckg48d
Grade: 2 bulls and 4 cows
Turn 558:
> gkc48d
Grade: 1 bulls and 5 cows
Turn 559:
> kgc48d
Grade: 2 bulls and 4 cows
Turn 560:
> cgk48d
Grade: 1 bulls and 5 cows
Turn 561:
> gck48d
Grade: 1 bulls and 5 cows
Turn 562:
> g4kc8d
Grade: 2 bulls and 4 cows
Turn 563:
> 4gkc8d
Grade: 2 bulls and 4 cows
Turn 564:
> kg4c8d
Grade: 3 bulls and 3 cows
Turn 565:
> gk4c8d
Grade: 2 bulls and 4 cows
Turn 566:
> 4kgc8d
Grade: 3 bulls and 3 cows
Turn 567:
> k4gc8d
Grade: 4 bulls and 2 cows
Turn 568:
> k4cg8d
Grade: 2 bulls and 4 cows
Turn 569:
> 4kcg8d
Grade: 1 bulls and 5 cows
Turn 570:
> ck4g8d
Grade: 1 bulls and 5 cows
Turn 571:
> kc4g8d
Grade: 2 bulls and 4 cows
Turn 572:
> 4ckg8d
Grade: 1 bulls and 5 cows
Turn 573:
> c4kg8d
Grade: 1 bulls and 5 cows
Turn 574:
> 84kgcd
Grade: 6 cows
Turn 575:
> 48kgcd
Grade: 6 cows
Turn 576:
> k84gcd
Grade: 1 bulls and 5 cows
Turn 577:
> 8k4gcd
Grade: 6 cows
Turn 578:
> 4k8gcd
Grade: 6 cows
Turn 579:
> k48gcd
Grade: 1 bulls and 5 cows
Turn 580:
> g48kcd
Grade: 6 cows
Turn 581:
> 4g8kcd
Grade: 6 cows
Turn 582:
> 8g4kcd
Grade: 6 cows
Turn 583:
> g84kcd
Grade: 6 cows
Turn 584:
> 48gkcd
Grade: 1 bulls and 5 cows
Turn 585:
> 84gkcd
Grade: 1 bulls and 5 cows
Turn 586:
> 8kg4cd
Grade: 1 bulls and 5 cows
Turn 587:
> k8g4cd
Grade: 2 bulls and 4 cows
Turn 588:
> g8k4cd
Grade: 6 cows
Turn 589:
> 8gk4cd
Grade: 6 cows
Turn 590:
> kg84cd
Grade: 1 bulls and 5 cows
Turn 591:
> gk84cd
Grade: 6 cows
Turn 592:
> gk48cd
Grade: 6 cows
Turn 593:
> kg48cd
Grade: 1 bulls and 5 cows
Turn 594:
> 4gk8cd
Grade: 6 cows
Turn 595:
> g4k8cd
Grade: 6 cows
Turn 596:
> k4g8cd
Grade: 2 bulls and 4 cows
Turn 597:
> 4kg8cd
Grade: 1 bulls and 5 cows
Turn 598:
> ckg84d
Grade: 1 bulls and 5 cows
Turn 599:
> kcg84d
Grade: 2 bulls and 4 cows
Turn 600:
> gck84d
Grade: 6 cows
Turn 601:
> cgk84d
Grade: 6 cows
Turn 602:
> kgc84d
Grade: 1 bulls and 5 cows
Turn 603:
> gkc84d
Grade: 6 cows
Turn 604:
> 8kcg4d
Grade: 6 cows
Turn 605:
> k8cg4d
Grade: 1 bulls and 5 cows
Turn 606:
> c8kg4d
Grade: 6 cows
Turn 607:
> 8ckg4d
Grade: 6 cows
Turn 608:
> kc8g4d
Grade: 1 bulls and 5 cows
Turn 609:
> ck8g4d
Grade: 6 cows
Turn 610:
> cg8k4d
Grade: 6 cows
Turn 611:
> gc8k4d
Grade: 6 cows
Turn 612:
> 8cgk4d
Grade: 1 bulls and 5 cows
Turn 613:
> c8gk4d
Grade: 1 bulls and 5 cows
Turn 614:
> g8ck4d
Grade: 6 cows
Turn 615:
> 8gck4d
Grade: 6 cows
Turn 616:
> 8gkc4d
Grade: 1 bulls and 5 cows
Turn 617:
> g8kc4d
Grade: 1 bulls and 5 cows
Turn 618:
> k8gc4d
Grade: 3 bulls and 3 cows
Turn 619:
> 8kgc4d
Grade: 2 bulls and 4 cows
Turn 620:
> gk8c4d
Grade: 1 bulls and 5 cows
Turn 621:
> kg8c4d
Grade: 2 bulls and 4 cows
Turn 622:
> kg8cd4
Grade: 3 bulls and 3 cows
Turn 623:
> gk8cd4
Grade: 2 bulls and 4 cows
Turn 624:
> 8kgcd4
Grade: 3 bulls and 3 cows
Turn 625:
> k8gcd4
Grade: 4 bulls and 2 cows
Turn 626:
> g8kcd4
Grade: 2 bulls and 4 cows
Turn 627:
> 8gkcd4
Grade: 2 bulls and 4 cows
Turn 628:
> cgk8d4
Grade: 1 bulls and 5 cows
Turn 629:
> gck8d4
Grade: 1 bulls and 5 cows
Turn 630:
> kcg8d4
Grade: 3 bulls and 3 cows
Turn 631:
> ckg8d4
Grade: 2 bulls and 4 cows
Turn 632:
> gkc8d4
Grade: 1 bulls and 5 cows
Turn 633:
> kgc8d4
Grade: 2 bulls and 4 cows
Turn 634:
> k8cgd4
Grade: 2 bulls and 4 cows
Turn 635:
> 8kcgd4
Grade: 1 bulls and 5 cows
Turn 636:
> ck8gd4
Grade: 1 bulls and 5 cows
Turn 637:
> kc8gd4
Grade: 2 bulls and 4 cows
Turn 638:
> 8ckgd4
Grade: 1 bulls and 5 cows
Turn 639:
> c8kgd4
Grade: 1 bulls and 5 cows
Turn 640:
> c8gkd4
Grade: 2 bulls and 4 cows
Turn 641:
> 8cgkd4
Grade: 2 bulls and 4 cows
Turn 642:
> gc8kd4
Grade: 1 bulls and 5 cows
Turn 643:
> cg8kd4
Grade: 1 bulls and 5 cows
Turn 644:
> 8gckd4
Grade: 1 bulls and 5 cows
Turn 645:
> g8ckd4
Grade: 1 bulls and 5 cows
Turn 646:
> d8ckg4
Grade: 1 bulls and 5 cows
Turn 647:
> 8dckg4
Grade: 2 bulls and 4 cows
Turn 648:
> cd8kg4
Grade: 2 bulls and 4 cows
Turn 649:
> dc8kg4
Grade: 1 bulls and 5 cows
Turn 650:
> 8cdkg4
Grade: 1 bulls and 5 cows
Turn 651:
> c8dkg4
Grade: 1 bulls and 5 cows
Turn 652:
> k8dcg4
Grade: 3 bulls and 3 cows
Turn 653:
> 8kdcg4
Grade: 2 bulls and 4 cows
Turn 654:
> dk8cg4
Grade: 2 bulls and 4 cows
Turn 655:
> kd8cg4
Grade: 4 bulls and 2 cows
Turn 656:
> 8dkcg4
Grade: 3 bulls and 3 cows
Turn 657:
> d8kcg4
Grade: 2 bulls and 4 cows
Turn 658:
> dck8g4
Grade: 1 bulls and 5 cows
Turn 659:
> cdk8g4
Grade: 2 bulls and 4 cows
Turn 660:
> kdc8g4
Grade: 3 bulls and 3 cows
Turn 661:
> dkc8g4
Grade: 1 bulls and 5 cows
Turn 662:
> ckd8g4
Grade: 1 bulls and 5 cows
Turn 663:
> kcd8g4
Grade: 2 bulls and 4 cows
Turn 664:
> kc8dg4
Grade: 2 bulls and 4 cows
Turn 665:
> ck8dg4
Grade: 1 bulls and 5 cows
Turn 666:
> 8kcdg4
Grade: 1 bulls and 5 cows
Turn 667:
> k8cdg4
Grade: 2 bulls and 4 cows
Turn 668:
> c8kdg4
Grade: 1 bulls and 5 cows
Turn 669:
> 8ckdg4
Grade: 1 bulls and 5 cows
Turn 670:
> gckd84
Grade: 2 bulls and 4 cows
Turn 671:
> cgkd84
Grade: 2 bulls and 4 cows
Turn 672:
> kgcd84
Grade: 3 bulls and 3 cows
Turn 673:
> gkcd84
Grade: 2 bulls and 4 cows
Turn 674:
> ckgd84
Grade: 3 bulls and 3 cows
Turn 675:
> kcgd84
Grade: 4 bulls and 2 cows
Turn 676:
> dcgk84
Grade: 3 bulls and 3 cows
Turn 677:
> cdgk84
Grade: 4 bulls and 2 cows
Turn 678:
> gdck84
Grade: 3 bulls and 3 cows
Turn 679:
> dgck84
Grade: 2 bulls and 4 cows
Turn 680:
> cgdk84
Grade: 2 bulls and 4 cows
Turn 681:
> gcdk84
Grade: 2 bulls and 4 cows
Turn 682:
> gkdc84
Grade: 3 bulls and 3 cows
Turn 683:
> kgdc84
Grade: 4 bulls and 2 cows
Turn 684:
> dgkc84
Grade: 3 bulls and 3 cows
Turn 685:
> gdkc84
Grade: 4 bulls and 2 cows
Turn 686:
> kdgc84
Grade: 6 bulls
Congratulations! You guessed the secret code.
?[1;31m
Start test 7?[0m
Please, enter the secret code's length:
> 0
Error: length can't be 0.
?[1;31m
Start test 8?[0m
Please, enter the secret code's length:
> 10
Input the number of possible symbols in the code:
> 9
Error: it's not possible to generate a code with a length of 10 with 9 unique symbols.
?[1;31m
Start test 9?[0m
Please, enter the secret code's length:
> 9
Input the number of possible symbols in the code:
> 37
Error: maximum number of possible symbols in the code is 36 (0-9, a-z).
Error: it's not possible to generate a code with a length of 9 with 0 unique symbols.
?[1;31m
Start test 10?[0m
Please, enter the secret code's length:
> abcdefg 1 -6
Error: "abcdefg 1 -6" isn't a valid number.
Error: length can't be 0.
]]></system-out>
  <system-err><![CDATA[]]></system-err>
</testsuite>
